Loading CIFAR-10 dataset...
Training samples: 50000
Test samples: 10000
CBAM input shape: (None, 7, 7, 1280)
After reshape: (None, 7, 7, 1280)
Pool shapes - avg: (None, 1, 1, 1280), max: (None, 1, 1, 1280)
Channel attention shape: (None, 1, 1, 1280)
After channel attention multiply: (None, 7, 7, 1280)
Spatial attention shapes - avg: (None, 7, 7, 1), max: (None, 7, 7, 1)
After spatial concat: (None, 7, 7, 2)
Spatial attention shape after Conv2D(1, 7): (None, 7, 7, 1)
x_spatial shape after spatial attention multiply: (None, 7, 7, 1280)
x_attn shape after addition: (None, 7, 7, 1280)
shape after first Dense(256): (None, 256)
Final output class_probs shape: (None, 10)

Initializing data generators...

Starting training...
Epoch 1/10
2000/2000 [==============================] - ETA: 0s - loss: 0.4526 - accuracy: 0.8493/home/blackrukh/.local/lib/python3.9/site-packages/keras/src/engine/training.py:3103: UserWarning: You are saving your model as an HDF5 file via `model.save()`. This file format is considered legacy. We recommend using instead the native Keras format, e.g. `model.save('my_model.keras')`.
  saving_api.save_model(
2000/2000 [==============================] - 3419s 2s/step - loss: 0.4526 - accuracy: 0.8493 - val_loss: 0.2184 - val_accuracy: 0.9278 - lr: 9.3903e-04
Epoch 2/10
2000/2000 [==============================] - 3378s 2s/step - loss: 0.3489 - accuracy: 0.8803 - val_loss: 0.2042 - val_accuracy: 0.9322 - lr: 8.7803e-04
Epoch 3/10
2000/2000 [==============================] - 3409s 2s/step - loss: 0.2945 - accuracy: 0.8996 - val_loss: 0.1824 - val_accuracy: 0.9401 - lr: 8.1703e-04
Epoch 4/10
2000/2000 [==============================] - 3338s 2s/step - loss: 0.2534 - accuracy: 0.9132 - val_loss: 0.1825 - val_accuracy: 0.9405 - lr: 7.5603e-04
Epoch 5/10
2000/2000 [==============================] - 3340s 2s/step - loss: 0.2232 - accuracy: 0.9230 - val_loss: 0.1803 - val_accuracy: 0.9398 - lr: 6.9503e-04
Epoch 6/10
2000/2000 [==============================] - 3381s 2s/step - loss: 0.1950 - accuracy: 0.9331 - val_loss: 0.1827 - val_accuracy: 0.9427 - lr: 6.3403e-04
Epoch 7/10
2000/2000 [==============================] - 3313s 2s/step - loss: 0.1703 - accuracy: 0.9419 - val_loss: 0.1780 - val_accuracy: 0.9450 - lr: 5.7303e-04
Epoch 8/10
2000/2000 [==============================] - 3298s 2s/step - loss: 0.1508 - accuracy: 0.9487 - val_loss: 0.1813 - val_accuracy: 0.9430 - lr: 5.1203e-04
Epoch 9/10
2000/2000 [==============================] - 3312s 2s/step - loss: 0.1343 - accuracy: 0.9537 - val_loss: 0.1897 - val_accuracy: 0.9416 - lr: 4.5103e-04
Epoch 10/10
2000/2000 [==============================] - 3274s 2s/step - loss: 0.1172 - accuracy: 0.9596 - val_loss: 0.1847 - val_accuracy: 0.9432 - lr: 3.9003e-04

Generating predictions for visualization...

Classification Report:
              precision    recall  f1-score   support

    airplane       0.95      0.94      0.95      1000
  automobile       0.97      0.96      0.96      1000
        bird       0.96      0.93      0.95      1000
         cat       0.88      0.90      0.89      1000
        deer       0.94      0.94      0.94      1000
         dog       0.94      0.90      0.92      1000
        frog       0.96      0.96      0.96      1000
       horse       0.95      0.98      0.96      1000
        ship       0.95      0.97      0.96      1000
       truck       0.96      0.96      0.96      1000

    accuracy                           0.94     10000
   macro avg       0.94      0.94      0.94     10000
weighted avg       0.94      0.94      0.94     10000


Saving full model...
/home/blackrukh/.local/lib/python3.9/site-packages/keras/src/engine/training.py:3103: UserWarning: You are saving your model as an HDF5 file via `model.save()`. This file format is considered legacy. We recommend using instead the native Keras format, e.g. `model.save('my_model.keras')`.
  saving_api.save_model(

Process completed successfully!

